[0m[[0m[0mdebug[0m] [0m[0mjavaOptions: Vector()[0m
[0m[[0m[0mdebug[0m] [0m[0mForking tests - parallelism = false[0m
[0m[[0m[0mdebug[0m] [0m[0mCreate a single-thread test executor[0m
[0m[[0m[0mdebug[0m] [0m[0mRunner for com.novocode.junit.JUnitFramework produced 1 initial tasks for 1 tests.[0m
[0m[[0m[0mdebug[0m] [0m[0m  Running TaskDef(recfun.RecFunSuite, sbt.ForkMain$AnnotatedFingerscan@50d45e2a, false, [SuiteSelector])[0m
[0m[[0m[0minfo[0m] [0m[0m[34mTest run started[0m[0m
[0m[[0m[0minfo[0m] [0m[0mTest recfun.[33mRecFunSuite[0m.[36mbalance: counting is not enough[0m started[0m
[0m[[0m[31merror[0m] [0m[0mTest recfun.[33mRecFunSuite[0m.[31mbalance: counting is not enough[0m failed: java.lang.[31mAssertionError[0m: assertion failed, took 0.114 sec[0m
[0m[[0m[31merror[0m] [0m[0m    at scala.Predef$.assert(Predef.scala:267)[0m
[0m[[0m[31merror[0m] [0m[0m    at recfun.RecFunSuite.balance: counting is not enough([35mRecFunSuite.scala[0m:[33m21[0m)[0m
[0m[[0m[31merror[0m] [0m[0m    at jdk.internal.reflect.NativeMethodAccessorImpl.invoke0(Native Method)[0m
[0m[[0m[31merror[0m] [0m[0m    at jdk.internal.reflect.NativeMethodAccessorImpl.invoke(NativeMethodAccessorImpl.java:62)[0m
[0m[[0m[31merror[0m] [0m[0m    at jdk.internal.reflect.DelegatingMethodAccessorImpl.invoke(DelegatingMethodAccessorImpl.java:43)[0m
[0m[[0m[31merror[0m] [0m[0m    at java.lang.reflect.Method.invoke(Method.java:566)[0m
[0m[[0m[31merror[0m] [0m[0m    ...[0m
[0m[[0m[0mdebug[0m] [0m[0mTest recfun.[33mRecFunSuite[0m.[36mbalance: counting is not enough[0m finished, took 0.12 sec[0m
[0m[[0m[0minfo[0m] [0m[0mTest recfun.[33mRecFunSuite[0m.[36mpascal: col=1,row=2[0m started[0m
[0m[[0m[0mdebug[0m] [0m[0mTest recfun.[33mRecFunSuite[0m.[36mpascal: col=1,row=2[0m finished, took 0.002 sec[0m
[0m[[0m[0minfo[0m] [0m[0mTest recfun.[33mRecFunSuite[0m.[36mpascal: col=1,row=3[0m started[0m
[0m[[0m[0mdebug[0m] [0m[0mTest recfun.[33mRecFunSuite[0m.[36mpascal: col=1,row=3[0m finished, took 0.004 sec[0m
[0m[[0m[0minfo[0m] [0m[0mTest recfun.[33mRecFunSuite[0m.[36mbalance: ':-)' is unbalanced[0m started[0m
[0m[[0m[31merror[0m] [0m[0mTest recfun.[33mRecFunSuite[0m.[31mbalance: ':-)' is unbalanced[0m failed: java.lang.[31mAssertionError[0m: assertion failed, took 0.007 sec[0m
[0m[[0m[31merror[0m] [0m[0m    at scala.Predef$.assert(Predef.scala:267)[0m
[0m[[0m[31merror[0m] [0m[0m    at recfun.RecFunSuite.balance: ':-)' is unbalanced([35mRecFunSuite.scala[0m:[33m18[0m)[0m
[0m[[0m[31merror[0m] [0m[0m    at jdk.internal.reflect.NativeMethodAccessorImpl.invoke0(Native Method)[0m
[0m[[0m[31merror[0m] [0m[0m    at jdk.internal.reflect.NativeMethodAccessorImpl.invoke(NativeMethodAccessorImpl.java:62)[0m
[0m[[0m[31merror[0m] [0m[0m    at jdk.internal.reflect.DelegatingMethodAccessorImpl.invoke(DelegatingMethodAccessorImpl.java:43)[0m
[0m[[0m[31merror[0m] [0m[0m    at java.lang.reflect.Method.invoke(Method.java:566)[0m
[0m[[0m[31merror[0m] [0m[0m    ...[0m
[0m[[0m[0mdebug[0m] [0m[0mTest recfun.[33mRecFunSuite[0m.[36mbalance: ':-)' is unbalanced[0m finished, took 0.009 sec[0m
[0m[[0m[0minfo[0m] [0m[0mTest recfun.[33mRecFunSuite[0m.[36mpascal: col=0,row=2[0m started[0m
[0m[[0m[0mdebug[0m] [0m[0mTest recfun.[33mRecFunSuite[0m.[36mpascal: col=0,row=2[0m finished, took 0.001 sec[0m
[0m[[0m[0minfo[0m] [0m[0mTest recfun.[33mRecFunSuite[0m.[36mbalance: '(if (zero? x) max (/ 1 x))' is balanced[0m started[0m
[0m[[0m[0mdebug[0m] [0m[0mTest recfun.[33mRecFunSuite[0m.[36mbalance: '(if (zero? x) max (/ 1 x))' is balanced[0m finished, took 0.002 sec[0m
[0m[[0m[0minfo[0m] [0m[0mTest recfun.[33mRecFunSuite[0m.[36mbalance: 'I told him ...' is balanced[0m started[0m
[0m[[0m[0mdebug[0m] [0m[0mTest recfun.[33mRecFunSuite[0m.[36mbalance: 'I told him ...' is balanced[0m finished, took 0.002 sec[0m
[0m[[0m[0minfo[0m] [0m[0m[34mTest run finished: [0m[31m2 failed[0m[34m, [0m[34m0 ignored[0m[34m, 7 total, 0.231s[0m[0m
[0m[[0m[0mdebug[0m] [0m[0m    Produced 0 nested tasks and 7 events.[0m
[0m[[0m[0mdebug[0m] [0m[0mSummary for JUnit not available.[0m
[0m[[0m[31merror[0m] [0m[0mFailed: Total 7, Failed 2, Errors 0, Passed 5[0m
[0m[[0m[31merror[0m] [0m[0mFailed tests:[0m
[0m[[0m[31merror[0m] [0m[0m	recfun.RecFunSuite[0m
